0 info it worked if it ends with ok
1 verbose cli [ 'C:\\Program Files\\nodejs\\node.exe',
1 verbose cli   'C:\\Users\\paolo.t.lambojon\\AppData\\Roaming\\npm\\node_modules\\npm\\bin\\npm-cli.js',
1 verbose cli   'start' ]
2 info using npm@4.0.3
3 info using node@v6.9.1
4 verbose run-script [ 'prestart', 'start', 'poststart' ]
5 info lifecycle liquid-studio-dashboard@0.0.1~prestart: liquid-studio-dashboard@0.0.1
6 silly lifecycle liquid-studio-dashboard@0.0.1~prestart: no script for prestart, continuing
7 info lifecycle liquid-studio-dashboard@0.0.1~start: liquid-studio-dashboard@0.0.1
8 verbose lifecycle liquid-studio-dashboard@0.0.1~start: unsafe-perm in lifecycle true
9 verbose lifecycle liquid-studio-dashboard@0.0.1~start: PATH: C:\Users\paolo.t.lambojon\AppData\Roaming\npm\node_modules\npm\bin\node-gyp-bin;C:\Users\paolo.t.lambojon\Documents\repositories\hello-node\node_modules\.bin;C:\Users\paolo.t.lambojon\bin;C:\Program Files\Git\mingw64\bin;C:\Program Files\Git\usr\local\bin;C:\Program Files\Git\usr\bin;C:\Program Files\Git\usr\bin;C:\Program Files\Git\mingw64\bin;C:\Program Files\Git\usr\bin;C:\Users\paolo.t.lambojon\bin;C:\ProgramData\Oracle\Java\javapath;C:\WINDOWS\system32;C:\WINDOWS;C:\WINDOWS\System32\Wbem;C:\WINDOWS\System32\WindowsPowerShell\v1.0;C:\Program Files\TortoiseGit\bin;C:\Java\jdk1.8.0_101\bin;C:\Java\jre1.8.0_101\bin;C:\tools\apache-ant-1.9.7\bin;C:\Program Files (x86)\Windows Live\Shared;C:\Program Files\nodejs;C:\Program Files (x86)\Brackets\command;C:\Program Files (x86)\Symantec\VIP Access Client;C:\Program Files\Intel\WiFi\bin;C:\Program Files\Common Files\Intel\WirelessCommon;C:\Program Files (x86)\Microsoft VS Code\bin;C:\Users\paolo.t.lambojon\AppData\Roaming\npm;C:\Program Files\MongoDB\Server\3.4\bin;C:\Users\paolo.t.lambojon\AppData\Local\Microsoft\WindowsApps;C:\Program Files\Git\usr\bin\vendor_perl;C:\Program Files\Git\usr\bin\core_perl
10 verbose lifecycle liquid-studio-dashboard@0.0.1~start: CWD: C:\Users\paolo.t.lambojon\Documents\repositories\hello-node
11 silly lifecycle liquid-studio-dashboard@0.0.1~start: Args: [ '/d /s /c', 'node server.js' ]
12 silly lifecycle liquid-studio-dashboard@0.0.1~start: Returned: code: 1  signal: null
13 info lifecycle liquid-studio-dashboard@0.0.1~start: Failed to exec start script
14 verbose stack Error: liquid-studio-dashboard@0.0.1 start: `node server.js`
14 verbose stack Exit status 1
14 verbose stack     at EventEmitter.<anonymous> (C:\Users\paolo.t.lambojon\AppData\Roaming\npm\node_modules\npm\lib\utils\lifecycle.js:279:16)
14 verbose stack     at emitTwo (events.js:106:13)
14 verbose stack     at EventEmitter.emit (events.js:191:7)
14 verbose stack     at ChildProcess.<anonymous> (C:\Users\paolo.t.lambojon\AppData\Roaming\npm\node_modules\npm\lib\utils\spawn.js:40:14)
14 verbose stack     at emitTwo (events.js:106:13)
14 verbose stack     at ChildProcess.emit (events.js:191:7)
14 verbose stack     at maybeClose (internal/child_process.js:877:16)
14 verbose stack     at Process.ChildProcess._handle.onexit (internal/child_process.js:226:5)
15 verbose pkgid liquid-studio-dashboard@0.0.1
16 verbose cwd C:\Users\paolo.t.lambojon\Documents\repositories\hello-node
17 error Windows_NT 10.0.14393
18 error argv "C:\\Program Files\\nodejs\\node.exe" "C:\\Users\\paolo.t.lambojon\\AppData\\Roaming\\npm\\node_modules\\npm\\bin\\npm-cli.js" "start"
19 error node v6.9.1
20 error npm  v4.0.3
21 error code ELIFECYCLE
22 error liquid-studio-dashboard@0.0.1 start: `node server.js`
22 error Exit status 1
23 error Failed at the liquid-studio-dashboard@0.0.1 start script 'node server.js'.
23 error Make sure you have the latest version of node.js and npm installed.
23 error If you do, this is most likely a problem with the liquid-studio-dashboard package,
23 error not with npm itself.
23 error Tell the author that this fails on your system:
23 error     node server.js
23 error You can get information on how to open an issue for this project with:
23 error     npm bugs liquid-studio-dashboard
23 error Or if that isn't available, you can get their info via:
23 error     npm owner ls liquid-studio-dashboard
23 error There is likely additional logging output above.
24 verbose exit [ 1, true ]
